<?xml version="1.0" encoding="UTF-8"?>
<testsuite name="TestSuite" time="48.821" tests="13" errors="0" skipped="0" failures="0">
  <properties>
    <property name="java.runtime.name" value="Java(TM) SE Runtime Environment"/>
    <property name="sun.boot.library.path" value="C:\Program Files\Java\jdk1.8.0_101\jre\bin"/>
    <property name="java.vm.version" value="25.101-b13"/>
    <property name="user.country.format" value="SE"/>
    <property name="java.vm.vendor" value="Oracle Corporation"/>
    <property name="maven.multiModuleProjectDirectory" value="C:\Users\Daniel\Desktop\workspace\calculator-christians-daniele"/>
    <property name="java.vendor.url" value="http://java.oracle.com/"/>
    <property name="path.separator" value=";"/>
    <property name="guice.disable.misplaced.annotation.check" value="true"/>
    <property name="java.vm.name" value="Java HotSpot(TM) 64-Bit Server VM"/>
    <property name="file.encoding.pkg" value="sun.io"/>
    <property name="user.script" value=""/>
    <property name="user.country" value="US"/>
    <property name="sun.java.launcher" value="SUN_STANDARD"/>
    <property name="sun.os.patch.level" value=""/>
    <property name="java.vm.specification.name" value="Java Virtual Machine Specification"/>
    <property name="user.dir" value="C:\Users\Daniel\Desktop\workspace\calculator-christians-daniele"/>
    <property name="java.runtime.version" value="1.8.0_101-b13"/>
    <property name="java.awt.graphicsenv" value="sun.awt.Win32GraphicsEnvironment"/>
    <property name="java.endorsed.dirs" value="C:\Program Files\Java\jdk1.8.0_101\jre\lib\endorsed"/>
    <property name="os.arch" value="amd64"/>
    <property name="java.io.tmpdir" value="C:\Users\Daniel\AppData\Local\Temp\"/>
    <property name="line.separator" value="&#10;"/>
    <property name="java.vm.specification.vendor" value="Oracle Corporation"/>
    <property name="user.variant" value=""/>
    <property name="os.name" value="Windows 10"/>
    <property name="classworlds.conf" value="C:\Users\Daniel\Desktop\workspace\.metadata\.plugins\org.eclipse.m2e.launching\launches\m2conf4972579510254771768.tmp"/>
    <property name="sun.jnu.encoding" value="Cp1252"/>
    <property name="java.library.path" value="C:\Program Files\Java\jdk1.8.0_101\bin;C:\WINDOWS\Sun\Java\bin;C:\WINDOWS\system32;C:\WINDOWS;C:/Program Files/Java/jre1.8.0_101/bin/server;C:/Program Files/Java/jre1.8.0_101/bin;C:/Program Files/Java/jre1.8.0_101/lib/amd64;C:\ProgramData\Oracle\Java\javapath;C:\Windows\system32;C:\Windows;C:\Windows\System32\Wbem;C:\Windows\System32\WindowsPowerShell\v1.0\;C:\Program Files (x86)\NVIDIA Corporation\PhysX\Common;C:\WINDOWS\system32;C:\WINDOWS;C:\WINDOWS\System32\Wbem;C:\WINDOWS\System32\WindowsPowerShell\v1.0\;C:\Program Files (x86)\Skype\Phone\;C:\Program Files (x86)\Livestreamer;C:\Users\Daniel\AppData\Local\Microsoft\WindowsApps;;C:\Users\Daniel\Desktop;;."/>
    <property name="java.specification.name" value="Java Platform API Specification"/>
    <property name="java.class.version" value="52.0"/>
    <property name="sun.management.compiler" value="HotSpot 64-Bit Tiered Compilers"/>
    <property name="os.version" value="10.0"/>
    <property name="user.home" value="C:\Users\Daniel"/>
    <property name="user.timezone" value="Europe/Berlin"/>
    <property name="java.awt.printerjob" value="sun.awt.windows.WPrinterJob"/>
    <property name="java.specification.version" value="1.8"/>
    <property name="file.encoding" value="Cp1252"/>
    <property name="user.name" value="Daniel"/>
    <property name="java.class.path" value="/C:/Users/Daniel/eclipse/java-neon/eclipse/../../../.p2/pool/plugins/org.eclipse.m2e.maven.runtime_1.7.0.20160603-1931/jars/plexus-classworlds-2.5.2.jar"/>
    <property name="java.vm.specification.version" value="1.8"/>
    <property name="sun.arch.data.model" value="64"/>
    <property name="java.home" value="C:\Program Files\Java\jdk1.8.0_101\jre"/>
    <property name="sun.java.command" value="org.codehaus.plexus.classworlds.launcher.Launcher -B test"/>
    <property name="java.specification.vendor" value="Oracle Corporation"/>
    <property name="user.language" value="en"/>
    <property name="user.language.format" value="sv"/>
    <property name="awt.toolkit" value="sun.awt.windows.WToolkit"/>
    <property name="java.vm.info" value="mixed mode"/>
    <property name="java.version" value="1.8.0_101"/>
    <property name="java.ext.dirs" value="C:\Program Files\Java\jdk1.8.0_101\jre\lib\ext;C:\WINDOWS\Sun\Java\lib\ext"/>
    <property name="sun.boot.class.path" value="C:\Program Files\Java\jdk1.8.0_101\jre\lib\resources.jar;C:\Program Files\Java\jdk1.8.0_101\jre\lib\rt.jar;C:\Program Files\Java\jdk1.8.0_101\jre\lib\sunrsasign.jar;C:\Program Files\Java\jdk1.8.0_101\jre\lib\jsse.jar;C:\Program Files\Java\jdk1.8.0_101\jre\lib\jce.jar;C:\Program Files\Java\jdk1.8.0_101\jre\lib\charsets.jar;C:\Program Files\Java\jdk1.8.0_101\jre\lib\jfr.jar;C:\Program Files\Java\jdk1.8.0_101\jre\classes"/>
    <property name="java.vendor" value="Oracle Corporation"/>
    <property name="maven.home" value="C:\Users\Daniel\Desktop\workspace\calculator-christians-daniele\EMBEDDED"/>
    <property name="file.separator" value="\"/>
    <property name="java.vendor.url.bug" value="http://bugreport.sun.com/bugreport/"/>
    <property name="sun.cpu.endian" value="little"/>
    <property name="sun.io.unicode.encoding" value="UnicodeLittle"/>
    <property name="sun.desktop" value="windows"/>
    <property name="sun.cpu.isalist" value="amd64"/>
  </properties>
  <testcase name="absoluteTest on absoluteTest(com.assignment07.Test.AdvancedOperationsTest)" classname="com.assignment07.Test.AdvancedOperationsTest" time="0.003"/>
  <testcase name="cubedTest on cubedTest(com.assignment07.Test.AdvancedOperationsTest)" classname="com.assignment07.Test.AdvancedOperationsTest" time="0"/>
  <testcase name="squareRootTest on squareRootTest(com.assignment07.Test.AdvancedOperationsTest)" classname="com.assignment07.Test.AdvancedOperationsTest" time="0"/>
  <testcase name="powerOfTest on powerOfTest(com.assignment07.Test.AdvancedOperationsTest)" classname="com.assignment07.Test.AdvancedOperationsTest" time="0"/>
  <testcase name="logTest on logTest(com.assignment07.Test.AdvancedOperationsTest)" classname="com.assignment07.Test.AdvancedOperationsTest" time="0"/>
  <testcase name="squaredTest on squaredTest(com.assignment07.Test.AdvancedOperationsTest)" classname="com.assignment07.Test.AdvancedOperationsTest" time="0.005"/>
  <testcase name="gettersAndSettersTest on gettersAndSettersTest(com.assignment07.Test.ViewClassTest)" classname="com.assignment07.Test.ViewClassTest" time="0"/>
  <testcase name="actionPerformedTest on actionPerformedTest(com.assignment07.Test.ViewClassTest)" classname="com.assignment07.Test.ViewClassTest" time="47.94"/>
  <testcase name="divideTest on divideTest(com.assignment07.Test.BasicOperationsTest)" classname="com.assignment07.Test.BasicOperationsTest" time="0.001"/>
  <testcase name="addTest on addTest(com.assignment07.Test.BasicOperationsTest)" classname="com.assignment07.Test.BasicOperationsTest" time="0"/>
  <testcase name="multiplyTest on multiplyTest(com.assignment07.Test.BasicOperationsTest)" classname="com.assignment07.Test.BasicOperationsTest" time="0.001"/>
  <testcase name="subtractTest on subtractTest(com.assignment07.Test.BasicOperationsTest)" classname="com.assignment07.Test.BasicOperationsTest" time="0.001"/>
  <testcase name="mainTest on mainTest(com.assignment07.Test.MainTest)" classname="com.assignment07.Test.MainTest" time="0.87"/>
</testsuite>