<?xml version="1.0" encoding="UTF-8"?>
<!-- Generated by org.testng.reporters.JUnitReportReporter -->
<testsuite hostname="Daniel-PC" name="com.assignment07.Test.AdvancedOperationsTest" tests="6" failures="0" timestamp="4 Nov 2016 13:46:50 GMT" time="0.008" errors="0">
  <testcase name="powerOfTest" time="0.001" classname="com.assignment07.Test.AdvancedOperationsTest"/>
  <testcase name="cubedTest" time="0.000" classname="com.assignment07.Test.AdvancedOperationsTest"/>
  <testcase name="squareRootTest" time="0.000" classname="com.assignment07.Test.AdvancedOperationsTest"/>
  <testcase name="absoluteTest" time="0.007" classname="com.assignment07.Test.AdvancedOperationsTest"/>
  <testcase name="logTest" time="0.000" classname="com.assignment07.Test.AdvancedOperationsTest"/>
  <testcase name="squaredTest" time="0.000" classname="com.assignment07.Test.AdvancedOperationsTest"/>
</testsuite> <!-- com.assignment07.Test.AdvancedOperationsTest -->
