<?xml version="1.0" encoding="UTF-8"?>
<!-- Generated by org.testng.reporters.JUnitReportReporter -->
<testsuite hostname="Daniel-PC" name="com.assignment07.Test.ViewClassTest" tests="2" failures="0" timestamp="4 Nov 2016 13:46:50 GMT" time="47.940" errors="0">
  <testcase name="actionPerformedTest" time="47.939" classname="com.assignment07.Test.ViewClassTest"/>
  <testcase name="gettersAndSettersTest" time="0.001" classname="com.assignment07.Test.ViewClassTest"/>
</testsuite> <!-- com.assignment07.Test.ViewClassTest -->
