<?xml version="1.0" encoding="UTF-8"?>
<!-- Generated by org.testng.reporters.JUnitReportReporter -->
<testsuite hostname="Daniel-PC" name="com.assignment07.Test.BasicOperationsTest" tests="4" failures="0" timestamp="4 Nov 2016 13:46:50 GMT" time="0.002" errors="0">
  <testcase name="subtractTest" time="0.000" classname="com.assignment07.Test.BasicOperationsTest"/>
  <testcase name="addTest" time="0.001" classname="com.assignment07.Test.BasicOperationsTest"/>
  <testcase name="divideTest" time="0.001" classname="com.assignment07.Test.BasicOperationsTest"/>
  <testcase name="multiplyTest" time="0.000" classname="com.assignment07.Test.BasicOperationsTest"/>
</testsuite> <!-- com.assignment07.Test.BasicOperationsTest -->
