<?xml version="1.0" encoding="UTF-8"?>
<!-- Generated by org.testng.reporters.JUnitReportReporter -->
<testsuite hostname="Daniel-PC" name="com.assignment07.Test.MainTest" tests="1" failures="0" timestamp="4 Nov 2016 13:46:50 GMT" time="0.871" errors="0">
  <testcase name="mainTest" time="0.871" classname="com.assignment07.Test.MainTest"/>
</testsuite> <!-- com.assignment07.Test.MainTest -->
